05/07/2024 01:45:55 AM - kneaddata.knead_data - INFO: Running kneaddata v0.12.0
05/07/2024 01:45:55 AM - kneaddata.knead_data - INFO: Output files will be written to: /dss/dsshome1/lxc07/di39dux/microbe/trimmed_fastq
05/07/2024 01:45:55 AM - kneaddata.knead_data - DEBUG: Running with the following arguments: 
verbose = False
input1 = /dss/dsshome1/lxc07/di39dux/microbe/raw_fastq/split/P3_Ileum_1_R1.fastq.gz
input2 = /dss/dsshome1/lxc07/di39dux/microbe/raw_fastq/split/P3_Ileum_1_R1.fastq.gz
unpaired = None
output_dir = /dss/dsshome1/lxc07/di39dux/microbe/trimmed_fastq
scratch_dir = 
reference_db = /dss/dsshome1/lxc07/di39dux/microbe/kneaddata_db/hg37dec_v0.1
bypass_trim = False
output_prefix = P3_Ileum_1_R1_kneaddata
threads = 1
processes = 1
trimmomatic_quality_scores = -phred33
bmtagger = False
bypass_trf = False
run_trf = False
fastqc_start = False
fastqc_end = False
store_temp_output = False
remove_intermediate_output = False
cat_final_output = False
log_level = DEBUG
log = /dss/dsshome1/lxc07/di39dux/microbe/trimmed_fastq/P3_Ileum_1_R1_kneaddata.log
trimmomatic_path = /dss/dsshome1/lxc07/di39dux/mambaforge/envs/microbes/share/trimmomatic-0.39-2/trimmomatic.jar
run_trim_repetitive = False
max_memory = 500m
trimmomatic_options = None
sequencer_source = NexteraPE
bowtie2_path = /dss/dsshome1/lxc07/di39dux/mambaforge/envs/microbes/bin/bowtie2
bowtie2_options = --very-sensitive-local --phred33
decontaminate_pairs = strict
reorder = False
serial = False
bmtagger_path = None
trf_path = /dss/dsshome1/lxc07/di39dux/mambaforge/envs/microbes/bin/trf
match = 2
mismatch = 7
delta = 7
pm = 80
pi = 10
minscore = 50
maxperiod = 500
fastqc_path = None
remove_temp_output = True
input = /dss/dsshome1/lxc07/di39dux/microbe/raw_fastq/split/P3_Ileum_1_R1.fastq.gz /dss/dsshome1/lxc07/di39dux/microbe/raw_fastq/split/P3_Ileum_1_R1.fastq.gz
discordant = True

05/07/2024 01:45:55 AM - kneaddata.utilities - INFO: Decompressing gzipped file ...
05/07/2024 01:45:55 AM - kneaddata.utilities - INFO: Decompressed file created: /dss/dsshome1/lxc07/di39dux/microbe/trimmed_fastq/decompressed_ahf0w0ot_P3_Ileum_1_R1.fastq
05/07/2024 01:45:55 AM - kneaddata.utilities - INFO: Decompressing gzipped file ...
05/07/2024 01:45:55 AM - kneaddata.utilities - INFO: Decompressed file created: /dss/dsshome1/lxc07/di39dux/microbe/trimmed_fastq/decompressed_bugi80j6_P3_Ileum_1_R1.fastq
05/07/2024 01:45:55 AM - kneaddata.utilities - INFO: Reformatting file sequence identifiers ...
05/07/2024 01:45:55 AM - kneaddata.utilities - INFO: Reformatting file sequence identifiers ...
05/07/2024 01:45:55 AM - kneaddata.utilities - INFO: READ COUNT: raw pair1 : Initial number of reads ( /dss/dsshome1/lxc07/di39dux/microbe/trimmed_fastq/reformatted_identifiersb6_wf8ba_decompressed_ahf0w0ot_P3_Ileum_1_R1 ): 20610.0
05/07/2024 01:45:55 AM - kneaddata.utilities - INFO: READ COUNT: raw pair2 : Initial number of reads ( /dss/dsshome1/lxc07/di39dux/microbe/trimmed_fastq/reformatted_identifiers1kv884ug_decompressed_bugi80j6_P3_Ileum_1_R1 ): 20610.0
05/07/2024 01:45:55 AM - kneaddata.utilities - DEBUG: Checking input file to Trimmomatic : /dss/dsshome1/lxc07/di39dux/microbe/trimmed_fastq/reformatted_identifiersb6_wf8ba_decompressed_ahf0w0ot_P3_Ileum_1_R1
05/07/2024 01:45:55 AM - kneaddata.utilities - DEBUG: Checking input file to Trimmomatic : /dss/dsshome1/lxc07/di39dux/microbe/trimmed_fastq/reformatted_identifiers1kv884ug_decompressed_bugi80j6_P3_Ileum_1_R1
05/07/2024 01:45:55 AM - kneaddata.utilities - INFO: Running Trimmomatic ... 
05/07/2024 01:45:55 AM - kneaddata.utilities - INFO: Execute command: java -Xmx500m -jar /dss/dsshome1/lxc07/di39dux/mambaforge/envs/microbes/share/trimmomatic-0.39-2/trimmomatic.jar PE -threads 1 -phred33 /dss/dsshome1/lxc07/di39dux/microbe/trimmed_fastq/reformatted_identifiersb6_wf8ba_decompressed_ahf0w0ot_P3_Ileum_1_R1 /dss/dsshome1/lxc07/di39dux/microbe/trimmed_fastq/reformatted_identifiers1kv884ug_decompressed_bugi80j6_P3_Ileum_1_R1 /dss/dsshome1/lxc07/di39dux/microbe/trimmed_fastq/P3_Ileum_1_R1_kneaddata.trimmed.1.fastq /dss/dsshome1/lxc07/di39dux/microbe/trimmed_fastq/P3_Ileum_1_R1_kneaddata.trimmed.single.1.fastq /dss/dsshome1/lxc07/di39dux/microbe/trimmed_fastq/P3_Ileum_1_R1_kneaddata.trimmed.2.fastq /dss/dsshome1/lxc07/di39dux/microbe/trimmed_fastq/P3_Ileum_1_R1_kneaddata.trimmed.single.2.fastq MINLEN:60 ILLUMINACLIP:/dss/dsshome1/lxc07/di39dux/mambaforge/envs/microbes/lib/python3.10/site-packages/kneaddata/adapters/NexteraPE-PE.fa:2:30:10:8:TRUE SLIDINGWINDOW:4:20 MINLEN:50
05/07/2024 01:45:56 AM - kneaddata.utilities - DEBUG: b"TrimmomaticPE: Started with arguments:\n -threads 1 -phred33 /dss/dsshome1/lxc07/di39dux/microbe/trimmed_fastq/reformatted_identifiersb6_wf8ba_decompressed_ahf0w0ot_P3_Ileum_1_R1 /dss/dsshome1/lxc07/di39dux/microbe/trimmed_fastq/reformatted_identifiers1kv884ug_decompressed_bugi80j6_P3_Ileum_1_R1 /dss/dsshome1/lxc07/di39dux/microbe/trimmed_fastq/P3_Ileum_1_R1_kneaddata.trimmed.1.fastq /dss/dsshome1/lxc07/di39dux/microbe/trimmed_fastq/P3_Ileum_1_R1_kneaddata.trimmed.single.1.fastq /dss/dsshome1/lxc07/di39dux/microbe/trimmed_fastq/P3_Ileum_1_R1_kneaddata.trimmed.2.fastq /dss/dsshome1/lxc07/di39dux/microbe/trimmed_fastq/P3_Ileum_1_R1_kneaddata.trimmed.single.2.fastq MINLEN:60 ILLUMINACLIP:/dss/dsshome1/lxc07/di39dux/mambaforge/envs/microbes/lib/python3.10/site-packages/kneaddata/adapters/NexteraPE-PE.fa:2:30:10:8:TRUE SLIDINGWINDOW:4:20 MINLEN:50\nUsing PrefixPair: 'AGATGTGTATAAGAGACAG' and 'AGATGTGTATAAGAGACAG'\nUsing Long Clipping Sequence: 'GTCTCGTGGGCTCGGAGATGTGTATAAGAGACAG'\nUsing Long Clipping Sequence: 'TCGTCGGCAGCGTCAGATGTGTATAAGAGACAG'\nUsing Long Clipping Sequence: 'CTGTCTCTTATACACATCTCCGAGCCCACGAGAC'\nUsing Long Clipping Sequence: 'CTGTCTCTTATACACATCTGACGCTGCCGACGA'\nILLUMINACLIP: Using 1 prefix pairs, 4 forward/reverse sequences, 0 forward only sequences, 0 reverse only sequences\nInput Read Pairs: 20610 Both Surviving: 7772 (37.71%) Forward Only Surviving: 0 (0.00%) Reverse Only Surviving: 0 (0.00%) Dropped: 12838 (62.29%)\nTrimmomaticPE: Completed successfully\n"
05/07/2024 01:45:56 AM - kneaddata.utilities - DEBUG: Checking output file from Trimmomatic : /dss/dsshome1/lxc07/di39dux/microbe/trimmed_fastq/P3_Ileum_1_R1_kneaddata.trimmed.1.fastq
05/07/2024 01:45:56 AM - kneaddata.utilities - DEBUG: Checking output file from Trimmomatic : /dss/dsshome1/lxc07/di39dux/microbe/trimmed_fastq/P3_Ileum_1_R1_kneaddata.trimmed.single.1.fastq
05/07/2024 01:45:56 AM - kneaddata.utilities - DEBUG: Checking output file from Trimmomatic : /dss/dsshome1/lxc07/di39dux/microbe/trimmed_fastq/P3_Ileum_1_R1_kneaddata.trimmed.2.fastq
05/07/2024 01:45:56 AM - kneaddata.utilities - DEBUG: Checking output file from Trimmomatic : /dss/dsshome1/lxc07/di39dux/microbe/trimmed_fastq/P3_Ileum_1_R1_kneaddata.trimmed.single.2.fastq
05/07/2024 01:45:56 AM - kneaddata.utilities - INFO: READ COUNT: trimmed pair1 : Total reads after trimming ( /dss/dsshome1/lxc07/di39dux/microbe/trimmed_fastq/P3_Ileum_1_R1_kneaddata.trimmed.1.fastq ): 7772.0
05/07/2024 01:45:56 AM - kneaddata.utilities - INFO: READ COUNT: trimmed pair2 : Total reads after trimming ( /dss/dsshome1/lxc07/di39dux/microbe/trimmed_fastq/P3_Ileum_1_R1_kneaddata.trimmed.2.fastq ): 7772.0
05/07/2024 01:45:56 AM - kneaddata.utilities - DEBUG: Checking input file to trf : /dss/dsshome1/lxc07/di39dux/microbe/trimmed_fastq/P3_Ileum_1_R1_kneaddata.trimmed.1.fasta
05/07/2024 01:45:56 AM - kneaddata.utilities - INFO: Running trf ... 
05/07/2024 01:45:56 AM - kneaddata.utilities - INFO: Execute command: kneaddata_trf_parallel --input /dss/dsshome1/lxc07/di39dux/microbe/trimmed_fastq/P3_Ileum_1_R1_kneaddata.trimmed.1.fasta --output /dss/dsshome1/lxc07/di39dux/microbe/trimmed_fastq/P3_Ileum_1_R1_kneaddata.trimmed.1.fasta.trf.parameters.2.7.7.80.10.50.500.dat --trf-path /dss/dsshome1/lxc07/di39dux/mambaforge/envs/microbes/bin/trf --trf-options '2 7 7 80 10 50 500 -h -ngs' --nproc 1
05/07/2024 01:45:57 AM - kneaddata.utilities - DEBUG: 0
05/07/2024 01:45:57 AM - kneaddata.utilities - DEBUG: Checking output file from trf : /dss/dsshome1/lxc07/di39dux/microbe/trimmed_fastq/P3_Ileum_1_R1_kneaddata.trimmed.1.fasta.trf.parameters.2.7.7.80.10.50.500.dat
05/07/2024 01:45:57 AM - kneaddata.utilities - DEBUG: Checking input file to trf : /dss/dsshome1/lxc07/di39dux/microbe/trimmed_fastq/P3_Ileum_1_R1_kneaddata.trimmed.2.fasta
05/07/2024 01:45:57 AM - kneaddata.utilities - INFO: Running trf ... 
05/07/2024 01:45:57 AM - kneaddata.utilities - INFO: Execute command: kneaddata_trf_parallel --input /dss/dsshome1/lxc07/di39dux/microbe/trimmed_fastq/P3_Ileum_1_R1_kneaddata.trimmed.2.fasta --output /dss/dsshome1/lxc07/di39dux/microbe/trimmed_fastq/P3_Ileum_1_R1_kneaddata.trimmed.2.fasta.trf.parameters.2.7.7.80.10.50.500.dat --trf-path /dss/dsshome1/lxc07/di39dux/mambaforge/envs/microbes/bin/trf --trf-options '2 7 7 80 10 50 500 -h -ngs' --nproc 1
05/07/2024 01:45:58 AM - kneaddata.utilities - DEBUG: 0
05/07/2024 01:45:58 AM - kneaddata.utilities - DEBUG: Checking output file from trf : /dss/dsshome1/lxc07/di39dux/microbe/trimmed_fastq/P3_Ileum_1_R1_kneaddata.trimmed.2.fasta.trf.parameters.2.7.7.80.10.50.500.dat
05/07/2024 01:45:58 AM - kneaddata.run - INFO: Total number of sequences with repeats removed from file ( /dss/dsshome1/lxc07/di39dux/microbe/trimmed_fastq/P3_Ileum_1_R1_kneaddata.trimmed.1.fastq ): 238
05/07/2024 01:45:58 AM - kneaddata.run - INFO: Total number of sequences with repeats removed from file ( /dss/dsshome1/lxc07/di39dux/microbe/trimmed_fastq/P3_Ileum_1_R1_kneaddata.trimmed.2.fastq ): 238
05/07/2024 01:45:58 AM - kneaddata.run - INFO: Decontaminating ...
05/07/2024 01:45:58 AM - kneaddata.utilities - DEBUG: Checking input file to bowtie2 : /dss/dsshome1/lxc07/di39dux/microbe/trimmed_fastq/P3_Ileum_1_R1_kneaddata.repeats.removed.1.fastq
05/07/2024 01:45:58 AM - kneaddata.utilities - DEBUG: Checking input file to bowtie2 : /dss/dsshome1/lxc07/di39dux/microbe/trimmed_fastq/P3_Ileum_1_R1_kneaddata.repeats.removed.2.fastq
05/07/2024 01:45:58 AM - kneaddata.utilities - INFO: Running bowtie2 ... 
05/07/2024 01:45:58 AM - kneaddata.utilities - INFO: Execute command: kneaddata_bowtie2_discordant_pairs --bowtie2 /dss/dsshome1/lxc07/di39dux/mambaforge/envs/microbes/bin/bowtie2 --threads 1 -x /dss/dsshome1/lxc07/di39dux/microbe/kneaddata_db/hg37dec_v0.1 --mode strict --bowtie2-options "--very-sensitive-local --phred33" -1 /dss/dsshome1/lxc07/di39dux/microbe/trimmed_fastq/P3_Ileum_1_R1_kneaddata.repeats.removed.1.fastq -2 /dss/dsshome1/lxc07/di39dux/microbe/trimmed_fastq/P3_Ileum_1_R1_kneaddata.repeats.removed.2.fastq --un-pair /dss/dsshome1/lxc07/di39dux/microbe/trimmed_fastq/P3_Ileum_1_R1_kneaddata_hg37dec_v0.1_bowtie2_paired_clean_%.fastq --al-pair /dss/dsshome1/lxc07/di39dux/microbe/trimmed_fastq/P3_Ileum_1_R1_kneaddata_hg37dec_v0.1_bowtie2_paired_contam_%.fastq --un-single /dss/dsshome1/lxc07/di39dux/microbe/trimmed_fastq/P3_Ileum_1_R1_kneaddata_hg37dec_v0.1_bowtie2_unmatched_%_clean.fastq --al-single /dss/dsshome1/lxc07/di39dux/microbe/trimmed_fastq/P3_Ileum_1_R1_kneaddata_hg37dec_v0.1_bowtie2_unmatched_%_contam.fastq -S /dev/null
05/07/2024 01:46:02 AM - kneaddata.utilities - DEBUG: b'15068 reads; of these:\n  15068 (100.00%) were unpaired; of these:\n    9634 (63.94%) aligned 0 times\n    2902 (19.26%) aligned exactly 1 time\n    2532 (16.80%) aligned >1 times\n36.06% overall alignment rate\npair1_aligned : 2717\npair2_aligned : 2717\npair1_unaligned : 4817\npair2_unaligned : 4817\norphan1_aligned : 0\norphan2_aligned : 0\norphan1_unaligned : 0\norphan2_unaligned : 0\n'
05/07/2024 01:46:02 AM - kneaddata.utilities - DEBUG: Checking output file from bowtie2 : /dss/dsshome1/lxc07/di39dux/microbe/trimmed_fastq/P3_Ileum_1_R1_kneaddata_hg37dec_v0.1_bowtie2_paired_clean_1.fastq
05/07/2024 01:46:02 AM - kneaddata.utilities - DEBUG: Checking output file from bowtie2 : /dss/dsshome1/lxc07/di39dux/microbe/trimmed_fastq/P3_Ileum_1_R1_kneaddata_hg37dec_v0.1_bowtie2_paired_clean_2.fastq
05/07/2024 01:46:02 AM - kneaddata.run - INFO: Total contaminate sequences in file ( /dss/dsshome1/lxc07/di39dux/microbe/trimmed_fastq/P3_Ileum_1_R1_kneaddata_hg37dec_v0.1_bowtie2_paired_contam_1.fastq ) : 2717.0
05/07/2024 01:46:02 AM - kneaddata.run - INFO: Total contaminate sequences in file ( /dss/dsshome1/lxc07/di39dux/microbe/trimmed_fastq/P3_Ileum_1_R1_kneaddata_hg37dec_v0.1_bowtie2_paired_contam_2.fastq ) : 2717.0
05/07/2024 01:46:02 AM - kneaddata.run - INFO: Total contaminate sequences in file ( /dss/dsshome1/lxc07/di39dux/microbe/trimmed_fastq/P3_Ileum_1_R1_kneaddata_hg37dec_v0.1_bowtie2_unmatched_1_contam.fastq ) : 0.0
05/07/2024 01:46:02 AM - kneaddata.run - INFO: Total contaminate sequences in file ( /dss/dsshome1/lxc07/di39dux/microbe/trimmed_fastq/P3_Ileum_1_R1_kneaddata_hg37dec_v0.1_bowtie2_unmatched_2_contam.fastq ) : 0.0
05/07/2024 01:46:02 AM - kneaddata.utilities - INFO: READ COUNT: decontaminated hg37dec_v0.1 pair1 : Total reads after removing those found in reference database ( /dss/dsshome1/lxc07/di39dux/microbe/trimmed_fastq/P3_Ileum_1_R1_kneaddata_hg37dec_v0.1_bowtie2_paired_clean_1.fastq ): 4817.0
05/07/2024 01:46:02 AM - kneaddata.utilities - INFO: READ COUNT: decontaminated hg37dec_v0.1 pair2 : Total reads after removing those found in reference database ( /dss/dsshome1/lxc07/di39dux/microbe/trimmed_fastq/P3_Ileum_1_R1_kneaddata_hg37dec_v0.1_bowtie2_paired_clean_2.fastq ): 4817.0
05/07/2024 01:46:02 AM - kneaddata.utilities - INFO: READ COUNT: final pair1 : Total reads after merging results from multiple databases ( /dss/dsshome1/lxc07/di39dux/microbe/trimmed_fastq/P3_Ileum_1_R1_kneaddata_paired_1.fastq ): 4817.0
05/07/2024 01:46:02 AM - kneaddata.utilities - INFO: READ COUNT: final pair2 : Total reads after merging results from multiple databases ( /dss/dsshome1/lxc07/di39dux/microbe/trimmed_fastq/P3_Ileum_1_R1_kneaddata_paired_2.fastq ): 4817.0
05/07/2024 01:46:02 AM - kneaddata.utilities - WARNING: Unable to remove file: /dss/dsshome1/lxc07/di39dux/microbe/trimmed_fastq/P3_Ileum_1_R1_kneaddata_hg37dec_v0.1_bowtie2_paired_clean_1.fastq
05/07/2024 01:46:02 AM - kneaddata.utilities - WARNING: Unable to remove file: /dss/dsshome1/lxc07/di39dux/microbe/trimmed_fastq/P3_Ileum_1_R1_kneaddata_hg37dec_v0.1_bowtie2_paired_clean_2.fastq
05/07/2024 01:46:02 AM - kneaddata.utilities - INFO: READ COUNT: decontaminated hg37dec_v0.1 orphan1 : Total reads after removing those found in reference database ( /dss/dsshome1/lxc07/di39dux/microbe/trimmed_fastq/P3_Ileum_1_R1_kneaddata_hg37dec_v0.1_bowtie2_unmatched_1_clean.fastq ): 0.0
05/07/2024 01:46:02 AM - kneaddata.utilities - INFO: READ COUNT: final orphan1 : Total reads after merging results from multiple databases ( /dss/dsshome1/lxc07/di39dux/microbe/trimmed_fastq/P3_Ileum_1_R1_kneaddata_unmatched_1.fastq ): 0.0
05/07/2024 01:46:02 AM - kneaddata.utilities - WARNING: Unable to remove file: /dss/dsshome1/lxc07/di39dux/microbe/trimmed_fastq/P3_Ileum_1_R1_kneaddata_hg37dec_v0.1_bowtie2_unmatched_1_clean.fastq
05/07/2024 01:46:02 AM - kneaddata.utilities - INFO: READ COUNT: decontaminated hg37dec_v0.1 orphan2 : Total reads after removing those found in reference database ( /dss/dsshome1/lxc07/di39dux/microbe/trimmed_fastq/P3_Ileum_1_R1_kneaddata_hg37dec_v0.1_bowtie2_unmatched_2_clean.fastq ): 0.0
05/07/2024 01:46:02 AM - kneaddata.utilities - INFO: READ COUNT: final orphan2 : Total reads after merging results from multiple databases ( /dss/dsshome1/lxc07/di39dux/microbe/trimmed_fastq/P3_Ileum_1_R1_kneaddata_unmatched_2.fastq ): 0.0
05/07/2024 01:46:02 AM - kneaddata.utilities - WARNING: Unable to remove file: /dss/dsshome1/lxc07/di39dux/microbe/trimmed_fastq/P3_Ileum_1_R1_kneaddata_hg37dec_v0.1_bowtie2_unmatched_2_clean.fastq
05/07/2024 01:46:02 AM - kneaddata.knead_data - INFO: 
Final output files created: 
/dss/dsshome1/lxc07/di39dux/microbe/trimmed_fastq/P3_Ileum_1_R1_kneaddata_paired_1.fastq
/dss/dsshome1/lxc07/di39dux/microbe/trimmed_fastq/P3_Ileum_1_R1_kneaddata_paired_2.fastq
/dss/dsshome1/lxc07/di39dux/microbe/trimmed_fastq/P3_Ileum_1_R1_kneaddata_unmatched_1.fastq
/dss/dsshome1/lxc07/di39dux/microbe/trimmed_fastq/P3_Ileum_1_R1_kneaddata_unmatched_2.fastq

