[2024-05-07 01:20:23,362] multiqc                                            [DEBUG  ]  This is MultiQC v1.19
[2024-05-07 01:20:23,363] multiqc                                            [DEBUG  ]  Command used: /dss/dsshome1/lxc07/di39dux/mambaforge/envs/microbes/bin/multiqc ./fastqc_results -o ./multiqc_report
[2024-05-07 01:20:23,576] multiqc                                            [WARNING]  MultiQC Version v1.21 now available!
[2024-05-07 01:20:23,576] multiqc                                            [DEBUG  ]  Working dir : /dss/dsshome1/lxc07/di39dux/microbe/raw_fastq/split
[2024-05-07 01:20:23,576] multiqc                                            [DEBUG  ]  Template    : default
[2024-05-07 01:20:23,576] multiqc                                            [DEBUG  ]  Running Python 3.10.14 | packaged by conda-forge | (main, Mar 20 2024, 12:45:18) [GCC 12.3.0]
[2024-05-07 01:20:23,577] multiqc                                            [DEBUG  ]  Analysing modules: custom_content, ccs, ngsderive, purple, conpair, lima, peddy, somalier, methylQA, mosdepth, phantompeakqualtools, qualimap, preseq, hifiasm, quast, qorts, rna_seqc, rockhopper, rsem, rseqc, busco, bustools, goleft_indexcov, gffcompare, disambiguate, supernova, deeptools, sargasso, verifybamid, mirtrace, happy, mirtop, sambamba, gopeaks, homer, hops, macs2, theta2, snpeff, gatk, htseq, bcftools, featureCounts, fgbio, dragen, dragen_fastqc, dedup, pbmarkdup, damageprofiler, mapdamage, biobambam2, jcvi, mtnucratio, picard, vep, bakta, prokka, qc3C, nanostat, samblaster, samtools, sexdeterrmine, seqera_cli, eigenstratdatabasetools, bamtools, jellyfish, vcftools, longranger, stacks, varscan2, snippy, umitools, truvari, bbmap, bismark, biscuit, diamond, hicexplorer, hicup, hicpro, salmon, kallisto, slamdunk, star, hisat2, tophat, bowtie2, bowtie1, cellranger, snpsplit, odgi, pangolin, nextclade, freyja, humid, kat, leehom, librarian, adapterRemoval, bbduk, clipandmerge, cutadapt, flexbar, sourmash, kaiju, bracken, kraken, malt, motus, trimmomatic, sickle, skewer, sortmerna, biobloomtools, fastq_screen, afterqc, fastp, fastqc, filtlong, prinseqplusplus, pychopper, porechop, pycoqc, minionqc, anglerfish, multivcfanalyzer, clusterflow, checkqc, bcl2fastq, bclconvert, interop, ivar, flash, seqyclean, optitype, whatshap, xenome, xengsort
[2024-05-07 01:20:23,577] multiqc                                            [DEBUG  ]  Using temporary directory for creating report: /dss/dsslegfs01/pr53da/pr53da-dss-0021/projects/2021__Cuckoo_Resequencing/tmp/tmplazr1zzk
[2024-05-07 01:20:23,579] multiqc                                            [INFO   ]  Search path : /dss/dsshome1/lxc07/di39dux/microbe/raw_fastq/split/fastqc_results
[2024-05-07 01:20:24,242] multiqc                                            [DEBUG  ]  Summary of files that were skipped by the search: [skipped_module_specific_max_filesize: 468] // [skipped_no_match: 36]
[2024-05-07 01:20:24,764] multiqc.plots.bargraph                             [DEBUG  ]  Using matplotlib version 3.8.0
[2024-05-07 01:20:24,765] multiqc.plots.linegraph                            [DEBUG  ]  Using matplotlib version 3.8.0
[2024-05-07 01:20:24,765] multiqc                                            [DEBUG  ]  No samples found: custom_content
[2024-05-07 01:20:26,562] multiqc.modules.fastqc.fastqc                      [INFO   ]  Found 36 reports
[2024-05-07 01:20:27,391] multiqc.utils.software_versions                    [DEBUG  ]  Reading software versions from config.software_versions
[2024-05-07 01:20:27,442] multiqc                                            [DEBUG  ]  Compressing plot data
[2024-05-07 01:20:27,815] multiqc                                            [INFO   ]  Report      : multiqc_report/multiqc_report.html
[2024-05-07 01:20:27,815] multiqc                                            [INFO   ]  Data        : multiqc_report/multiqc_data
[2024-05-07 01:20:27,815] multiqc                                            [DEBUG  ]  Moving data file from '/dss/dsslegfs01/pr53da/pr53da-dss-0021/projects/2021__Cuckoo_Resequencing/tmp/tmplazr1zzk/multiqc_data' to './multiqc_report/multiqc_data'
[2024-05-07 01:20:27,830] multiqc                                            [DEBUG  ]  Full report path: /dss/dsshome1/lxc07/di39dux/microbe/raw_fastq/split/multiqc_report/multiqc_report.html
[2024-05-07 01:20:27,959] multiqc                                            [INFO   ]  MultiQC complete
